01/12/20 - 13:30 - имя_файла.json
02/12/20 - 08:50 - RealizatsiyaTovarovUslug_01_12_2020 9_55_03.json
02/12/20 - 08:50 - RealizatsiyaTovarovUslug_01_12_2020 9_55_04.json
02/12/20 - 08:51 - RealizatsiyaTovarovUslug_02_12_2020 8_51_16.json
02/12/20 - 08:51 - RealizatsiyaTovarovUslug_02_12_2020 8_51_17.json
02/12/20 - 08:58 - RealizatsiyaTovarovUslug_02_12_2020 8_52_38.json
02/12/20 - 08:58 - RealizatsiyaTovarovUslug_02_12_2020 8_52_40.json
02/12/20 - 08:58 - RealizatsiyaTovarovUslug_02_12_2020 8_52_41.json
02/12/20 - 09:00 - RealizatsiyaTovarovUslug_02_12_2020 8_58_49.json
02/12/20 - 09:00 - RealizatsiyaTovarovUslug_02_12_2020 8_58_50.json
02/12/20 - 09:02 - RealizatsiyaTovarovUslug_02_12_2020 9_00_56.json
02/12/20 - 09:02 - RealizatsiyaTovarovUslug_02_12_2020 9_00_57.json
02/12/20 - 09:03 - RealizatsiyaTovarovUslug_02_12_2020 9_02_41.json
02/12/20 - 09:03 - RealizatsiyaTovarovUslug_02_12_2020 9_02_41.json
02/12/20 - 09:03 - RealizatsiyaTovarovUslug_02_12_2020 9_02_42.json
02/12/20 - 09:04 - RealizatsiyaTovarovUslug_02_12_2020 9_04_00.json
02/12/20 - 09:04 - RealizatsiyaTovarovUslug_02_12_2020 9_04_00.json
02/12/20 - 09:04 - RealizatsiyaTovarovUslug_02_12_2020 9_04_01.json
02/12/20 - 09:14 - RealizatsiyaTovarovUslug_02_12_2020 9_04_41.json
02/12/20 - 09:14 - RealizatsiyaTovarovUslug_02_12_2020 9_04_41.json
02/12/20 - 09:14 - RealizatsiyaTovarovUslug_02_12_2020 9_04_42.json
02/12/20 - 09:20 - RealizatsiyaTovarovUslug_02_12_2020 9_14_23.json
02/12/20 - 09:20 - RealizatsiyaTovarovUslug_02_12_2020 9_14_24.json
02/12/20 - 09:20 - RealizatsiyaTovarovUslug_02_12_2020 9_20_06.json
02/12/20 - 09:20 - RealizatsiyaTovarovUslug_02_12_2020 9_20_07.json
02/12/20 - 09:20 - RealizatsiyaTovarovUslug_02_12_2020 9_20_07.json
02/12/20 - 09:20 - RealizatsiyaTovarovUslug_02_12_2020 9_20_08.json
02/12/20 - 09:23 - RealizatsiyaTovarovUslug_02_12_2020 9_20_34.json
02/12/20 - 09:23 - RealizatsiyaTovarovUslug_02_12_2020 9_20_35.json
02/12/20 - 09:25 - RealizatsiyaTovarovUslug_02_12_2020 9_23_46.json
02/12/20 - 09:25 - RealizatsiyaTovarovUslug_02_12_2020 9_23_47.json
02/12/20 - 09:25 - RealizatsiyaTovarovUslug_02_12_2020 9_23_47.json
02/12/20 - 09:25 - RealizatsiyaTovarovUslug_02_12_2020 9_23_48.json
02/12/20 - 09:34 - RealizatsiyaTovarovUslug_02_12_2020 9_25_11.json
02/12/20 - 09:34 - RealizatsiyaTovarovUslug_02_12_2020 9_25_12.json
02/12/20 - 09:34 - RealizatsiyaTovarovUslug_02_12_2020 9_25_12.json
02/12/20 - 09:34 - RealizatsiyaTovarovUslug_02_12_2020 9_25_13.json
02/12/20 - 09:34 - VozvratTovarovOtPokupatelya_02_12_2020 9_25_33.json
02/12/20 - 09:36 - RealizatsiyaTovarovUslug_02_12_2020 9_34_09.json
02/12/20 - 09:36 - RealizatsiyaTovarovUslug_02_12_2020 9_34_10.json
02/12/20 - 09:36 - RealizatsiyaTovarovUslug_02_12_2020 9_34_10.json
02/12/20 - 09:36 - RealizatsiyaTovarovUslug_02_12_2020 9_34_11.json
02/12/20 - 09:37 - RealizatsiyaTovarovUslug_02_12_2020 9_35_00.json
02/12/20 - 09:37 - RealizatsiyaTovarovUslug_02_12_2020 9_37_05.json
02/12/20 - 09:37 - RealizatsiyaTovarovUslug_02_12_2020 9_37_06.json
02/12/20 - 09:38 - RealizatsiyaTovarovUslug_02_12_2020 9_37_54.json
02/12/20 - 09:38 - RealizatsiyaTovarovUslug_02_12_2020 9_37_55.json
02/12/20 - 09:38 - RealizatsiyaTovarovUslug_02_12_2020 9_37_55.json
02/12/20 - 09:38 - RealizatsiyaTovarovUslug_02_12_2020 9_37_56.json
02/12/20 - 09:39 - RealizatsiyaTovarovUslug_02_12_2020 9_38_33.json
02/12/20 - 09:39 - RealizatsiyaTovarovUslug_02_12_2020 9_38_34.json
02/12/20 - 09:39 - RealizatsiyaTovarovUslug_02_12_2020 9_38_34.json
02/12/20 - 09:39 - RealizatsiyaTovarovUslug_02_12_2020 9_38_35.json
02/12/20 - 09:40 - RealizatsiyaTovarovUslug_02_12_2020 9_39_27.json
02/12/20 - 09:40 - RealizatsiyaTovarovUslug_02_12_2020 9_39_27.json
02/12/20 - 09:40 - RealizatsiyaTovarovUslug_02_12_2020 9_39_28.json
02/12/20 - 09:40 - RealizatsiyaTovarovUslug_02_12_2020 9_40_22.json
02/12/20 - 09:40 - RealizatsiyaTovarovUslug_02_12_2020 9_40_23.json
02/12/20 - 09:40 - RealizatsiyaTovarovUslug_02_12_2020 9_40_23.json
02/12/20 - 09:40 - RealizatsiyaTovarovUslug_02_12_2020 9_40_24.json
02/12/20 - 09:41 - RealizatsiyaTovarovUslug_02_12_2020 9_40_46.json
02/12/20 - 09:41 - RealizatsiyaTovarovUslug_02_12_2020 9_40_47.json
02/12/20 - 09:41 - RealizatsiyaTovarovUslug_02_12_2020 9_40_48.json
02/12/20 - 09:41 - RealizatsiyaTovarovUslug_02_12_2020 9_41_28.json
02/12/20 - 09:41 - RealizatsiyaTovarovUslug_02_12_2020 9_41_29.json
02/12/20 - 09:42 - RealizatsiyaTovarovUslug_02_12_2020 9_42_00.json
02/12/20 - 09:42 - RealizatsiyaTovarovUslug_02_12_2020 9_42_01.json
02/12/20 - 09:43 - RealizatsiyaTovarovUslug_02_12_2020 9_42_54.json
02/12/20 - 09:43 - RealizatsiyaTovarovUslug_02_12_2020 9_42_55.json
02/12/20 - 09:43 - VozvratTovarovOtPokupatelya_02_12_2020 9_43_17.json
02/12/20 - 09:43 - RealizatsiyaTovarovUslug_02_12_2020 9_43_40.json
02/12/20 - 09:43 - VozvratTovarovOtPokupatelya_02_12_2020 9_43_48.json
02/12/20 - 13:45 - RealizatsiyaTovarovUslug_02_12_2020 9_44_02.json
02/12/20 - 13:45 - RealizatsiyaTovarovUslug_02_12_2020 9_44_03.json
02/12/20 - 13:45 - VozvratTovarovOtPokupatelya_02_12_2020 9_44_11.json
02/12/20 - 13:50 - RealizatsiyaTovarovUslug_02_12_2020 13_45_30.json
02/12/20 - 13:50 - RealizatsiyaTovarovUslug_02_12_2020 13_45_31.json
02/12/20 - 13:50 - VozvratTovarovOtPokupatelya_02_12_2020 13_45_36.json
02/12/20 - 13:50 - RealizatsiyaTovarovUslug_02_12_2020 13_49_16.json
02/12/20 - 13:50 - 589983_Chek.PDF
02/12/20 - 13:50 - 589983_02.12.2020 134916_Order.PDF
02/12/20 - 13:50 - VozvratTovarovOtPokupatelya_02_12_2020 13_49_51.json
02/12/20 - 13:54 - RealizatsiyaTovarovUslug_02_12_2020 13_50_38.json
02/12/20 - 13:54 - RealizatsiyaTovarovUslug_02_12_2020 13_50_39.json
02/12/20 - 13:54 - VozvratTovarovOtPokupatelya_02_12_2020 13_50_40.json
02/12/20 - 13:54 - RealizatsiyaTovarovUslug_02_12_2020 13_52_36.json
02/12/20 - 13:54 - 589983_Chek.PDF
02/12/20 - 13:54 - 589983_02.12.2020 135236_Order.PDF
02/12/20 - 13:54 - PrikhodnyyKassovyyOrder_02_12_2020 13_52_48.json
02/12/20 - 13:54 - VozvratTovarovOtPokupatelya_02_12_2020 13_53_20.json
02/12/20 - 13:54 - VozvratTovarovOtPokupatelya_02_12_2020 13_54_11.json
02/12/20 - 13:56 - RealizatsiyaTovarovUslug_02_12_2020 13_54_43.json
02/12/20 - 13:56 - RealizatsiyaTovarovUslug_02_12_2020 13_54_44.json
02/12/20 - 13:56 - VozvratTovarovOtPokupatelya_02_12_2020 13_54_44.json
02/12/20 - 13:56 - VozvratTovarovOtPokupatelya_02_12_2020 13_54_45.json
02/12/20 - 13:56 - PrikhodnyyKassovyyOrder_02_12_2020 13_56_02.json
02/12/20 - 13:56 - RaskhodnyyKassovyyOrder_02_12_2020 13_56_10.json
02/12/20 - 14:00 - RealizatsiyaTovarovUslug_02_12_2020 13_56_28.json
02/12/20 - 14:00 - RealizatsiyaTovarovUslug_02_12_2020 13_56_29.json
02/12/20 - 14:00 - RealizatsiyaTovarovUslug_02_12_2020 13_56_29.json
02/12/20 - 14:01 - RealizatsiyaTovarovUslug_02_12_2020 13_56_30.json
02/12/20 - 14:01 - VozvratTovarovOtPokupatelya_02_12_2020 13_56_30.json
02/12/20 - 14:01 - VozvratTovarovOtPokupatelya_02_12_2020 13_56_31.json
02/12/20 - 14:01 - organizations_02_12_2020 14_00_46.json
02/12/20 - 14:01 - nomenclature_02_12_2020 14_00_46.json
02/12/20 - 14:01 - contractors_02_12_2020 14_00_47.json
02/12/20 - 14:01 - implementations_02_12_2020 14_00_47.json
02/12/20 - 14:01 - remains_item_02_12_2020 14_00_47.json
02/12/20 - 14:01 - remains_money_02_12_2020 14_00_47.json
