25/12/20 - 00:53 -   
25/12/20 - 00:53 -   
25/12/20 - 00:53 -   
25/12/20 - 00:56 -   
25/12/20 - 00:56 -   
25/12/20 - 00:56 -   
25/12/20 - 00:57 -   
25/12/20 - 00:57 -   
25/12/20 - 00:57 -   
25/12/20 - 00:57 -   
25/12/20 - 00:57 -   
25/12/20 - 00:57 -   
25/12/20 - 00:58 -   
25/12/20 - 00:58 -   
25/12/20 - 00:58 - 589983 C1:WON ../../ftp/From1C/PrikhodnyyKassovyyOrder_dealID_589983_24_12_2020 15_50_50.json
25/12/20 - 01:04 -   
25/12/20 - 01:05 -   
25/12/20 - 01:05 - 589983 C1:WON ../../ftp/From1C/PlatezhnoePoruchenieVkhodyashchee_dealID_589983_24_12_2020 15_50_02.json
25/12/20 - 01:07 -   
25/12/20 - 01:07 -   
25/12/20 - 01:07 - 589983 C7:WON ../../ftp/From1C/PrikhodnyyKassovyyOrder_dealID_589983_24_12_2020 15_50_50.json
25/12/20 - 01:36 -   
25/12/20 - 01:36 - 589983 C7:WON ../../ftp/From1C/PlatezhnoePoruchenieVkhodyashchee_dealID_589983_24_12_2020 15_50_02.json
25/12/20 - 01:36 -  C7:WON 
25/12/20 - 01:55 -   
25/12/20 - 01:55 -   
25/12/20 - 01:55 - 589983 C8:WON ../../ftp/From1C/PrikhodnyyKassovyyOrder_dealID_589983_24_12_2020 15_50_50.json
25/12/20 - 13:55 -   
25/12/20 - 13:55 -   
25/12/20 - 13:55 -   
25/12/20 - 14:43 -   
25/12/20 - 14:43 -   
25/12/20 - 14:43 -   
25/12/20 - 15:12 -   
25/12/20 - 15:12 -   
25/12/20 - 15:12 -   
25/12/20 - 15:14 -   
25/12/20 - 15:14 -   
25/12/20 - 15:14 -   
25/12/20 - 15:18 -   
25/12/20 - 15:18 -   
25/12/20 - 15:18 -   
25/12/20 - 15:20 -   
25/12/20 - 15:20 -   
25/12/20 - 15:20 -   
26/12/20 - 15:20 -   
26/12/20 - 15:20 -   
26/12/20 - 15:20 -   
26/12/20 - 15:31 -   
26/12/20 - 15:31 -   
26/12/20 - 15:31 -   
26/12/20 - 15:34 -   
26/12/20 - 15:34 -   
26/12/20 - 15:34 -   
26/12/20 - 15:37 -   
26/12/20 - 15:37 -   
26/12/20 - 15:37 -   
26/12/20 - 15:42 -   
26/12/20 - 15:42 -   
26/12/20 - 15:42 -   
26/12/20 - 15:47 -   
26/12/20 - 15:47 -   
26/12/20 - 15:47 -   
26/12/20 - 15:49 -   
26/12/20 - 15:49 -   
26/12/20 - 15:49 -   
26/12/20 - 15:52 -   
26/12/20 - 15:52 -   
26/12/20 - 15:52 -   
26/12/20 - 17:57 -   
26/12/20 - 17:57 -   
26/12/20 - 17:57 -   
28/12/20 - 14:11 -   
28/12/20 - 14:11 -   
28/12/20 - 14:11 -   
28/12/20 - 14:16 - 589983 ../../ftp/From1C/589983_Chek.PDF ../../ftp/From1C/589983_28.12.2020 111325_Order.PDF
28/12/20 - 14:16 - _28_12  ../../ftp/From1C/PlatezhnoePoruchenieVkhodyashchee_dealID__28_12_2020 11_14_19.json
28/12/20 - 14:16 - _28_12  ../../ftp/From1C/PrikhodnyyKassovyyOrder_dealID__28_12_2020 11_13_54.json
28/12/20 - 14:19 -   
28/12/20 - 14:19 -   
28/12/20 - 14:19 -   
28/12/20 - 14:22 - 589983 ../../ftp/From1C/589983_Chek.PDF ../../ftp/From1C/589983_28.12.2020 112059_Order.PDF
28/12/20 - 14:22 - 589983 C1:WON ../../ftp/From1C/PlatezhnoePoruchenieVkhodyashchee_dealID_589983_28_12_2020 11_20_33.json
28/12/20 - 14:22 - _28_12 C1:WON ../../ftp/From1C/PrikhodnyyKassovyyOrder_dealID__28_12_2020 11_20_26.json
28/12/20 - 14:28 -   
28/12/20 - 14:28 - _28_12  ../../ftp/From1C/PlatezhnoePoruchenieVkhodyashchee_dealID__28_12_2020 11_20_30.json
28/12/20 - 14:28 -   
28/12/20 - 14:32 -   
28/12/20 - 14:32 -   
28/12/20 - 14:32 -   
28/12/20 - 14:37 -   
28/12/20 - 14:37 -   
28/12/20 - 14:37 -   
28/12/20 - 14:46 -   
28/12/20 - 14:46 -   
28/12/20 - 14:46 -   
28/12/20 - 14:49 - 592857 ../../ftp/From1C/592857_Chek.PDF ../../ftp/From1C/592857_28.12.2020 114724_Order.PDF
28/12/20 - 14:49 -   
28/12/20 - 14:49 -   
28/12/20 - 14:52 -   ../../ftp/From1C/592857_28.12.2020 114731_Order.PDF
28/12/20 - 14:52 -   
28/12/20 - 14:52 - 592857 C8:WON ../../ftp/From1C/PrikhodnyyKassovyyOrder_dealID_592857_28_12_2020 11_50_56.json
28/12/20 - 14:57 -   
28/12/20 - 14:57 -   
28/12/20 - 14:57 -   
